#
# There is insufficient memory for the Java Runtime Environment to continue.
# Native memory allocation (mmap) failed to map 256901120 bytes for G1 virtual space
# Possible reasons:
#   The system is out of physical RAM or swap space
#   The process is running with CompressedOops enabled, and the Java Heap may be blocking the growth of the native heap
# Possible solutions:
#   Reduce memory load on the system
#   Increase physical memory or swap space
#   Check if swap backing store is full
#   Decrease Java heap size (-Xmx/-Xms)
#   Decrease number of Java threads
#   Decrease Java thread stack sizes (-Xss)
#   Set larger code cache with -XX:ReservedCodeCacheSize=
#   JVM is running with Unscaled Compressed Oops mode in which the Java heap is
#     placed in the first 4GB address space. The Java Heap base address is the
#     maximum limit for the native heap growth. Please use -XX:HeapBaseMinAddress
#     to set the Java Heap base and to place the Java Heap above 4GB virtual address.
# This output file may be truncated or incomplete.
#
#  Out of Memory Error (os_windows.cpp:3550), pid=12984, tid=516
#
# JRE version: Java(TM) SE Runtime Environment (17.0.8+9) (build 17.0.8+9-LTS-211)
# Java VM: Java HotSpot(TM) 64-Bit Server VM (17.0.8+9-LTS-211, mixed mode, emulated-client, sharing, tiered, compressed oops, compressed class ptrs, g1 gc, windows-amd64)
# No core dump will be written. Minidumps are not enabled by default on client versions of Windows
#

---------------  S U M M A R Y ------------

Command Line: -XX:TieredStopAtLevel=1 -Dspring.output.ansi.enabled=always -Dcom.sun.management.jmxremote -Dspring.jmx.enabled=true -Dspring.liveBeansView.mbeanDomain -Dspring.application.admin.enabled=true -Dmanagement.endpoints.jmx.exposure.include=* -javaagent:C:\Program Files\JetBrains\IntelliJ IDEA 2023.2.2\lib\idea_rt.jar=50698:C:\Program Files\JetBrains\IntelliJ IDEA 2023.2.2\bin -Dfile.encoding=UTF-8 fit.iuh.edu.week05_lap_phamtronghieu.Week05LapPhamTrongHieuApplication

Host: Intel(R) Core(TM) i7 CPU       M 640  @ 2.80GHz, 4 cores, 7G,  Windows 8.1 , 64 bit Build 9600 (6.3.9600.17415)
Time: Sat Nov 18 13:35:37 2023 SE Asia Standard Time elapsed time: 11062.049004 seconds (0d 3h 4m 22s)

---------------  T H R E A D  ---------------

Current thread (0x000000d3665aa250):  VMThread "VM Thread" [stack: 0x000000d366810000,0x000000d366910000] [id=516]

Stack: [0x000000d366810000,0x000000d366910000]
Native frames: (J=compiled Java code, j=interpreted, Vv=VM code, C=native code)
V  [jvm.dll+0x677d0a]
V  [jvm.dll+0x7d8c54]
V  [jvm.dll+0x7da3fe]
V  [jvm.dll+0x7daa63]
V  [jvm.dll+0x245c5f]
V  [jvm.dll+0x674bb9]
V  [jvm.dll+0x6694f2]
V  [jvm.dll+0x3031d6]
V  [jvm.dll+0x30a756]
V  [jvm.dll+0x359f9e]
V  [jvm.dll+0x35a1cf]
V  [jvm.dll+0x2da3e8]
V  [jvm.dll+0x2d87f5]
V  [jvm.dll+0x2d7dfc]
V  [jvm.dll+0x31b4cb]
V  [jvm.dll+0x7df26b]
V  [jvm.dll+0x7dffa4]
V  [jvm.dll+0x7e04bd]
V  [jvm.dll+0x7e0894]
V  [jvm.dll+0x7e0960]
V  [jvm.dll+0x788bba]
V  [jvm.dll+0x676b35]
C  [ucrtbase.DLL+0x214c2]
C  [KERNEL32.DLL+0x13d2]
C  [ntdll.dll+0x154e4]

VM_Operation (0x000000d36d6c5680): G1CollectForAllocation, mode: safepoint, requested by thread 0x000000d36bcd46d0


---------------  P R O C E S S  ---------------

Threads class SMR info:
_java_thread_list=0x000000d36f6e0c00, length=21, elements={
0x000000d3665ae2c0, 0x000000d3665af270, 0x000000d3665bbc10, 0x000000d3665bc4d0,
0x000000d3665bd080, 0x000000d3665bfb40, 0x000000d3665c05a0, 0x000000d3665d4380,
0x000000d36660e960, 0x000000d36ba9fd90, 0x000000d36baa0260, 0x000000d36bcd2ec0,
0x000000d36bffb3c0, 0x000000d36f2f4520, 0x000000d36bf2b540, 0x000000d36bcd3860,
0x000000d36bcd46d0, 0x000000d36bcd4ba0, 0x000000d36bcd5070, 0x000000d36bcd6d50,
0x000000d36bcd63b0
}

Java Threads: ( => current thread )
  0x000000d3665ae2c0 JavaThread "Reference Handler" daemon [_thread_blocked, id=7136, stack(0x000000d366910000,0x000000d366a10000)]
  0x000000d3665af270 JavaThread "Finalizer" daemon [_thread_blocked, id=5780, stack(0x000000d366a10000,0x000000d366b10000)]
  0x000000d3665bbc10 JavaThread "Signal Dispatcher" daemon [_thread_blocked, id=5188, stack(0x000000d366d10000,0x000000d366e10000)]
  0x000000d3665bc4d0 JavaThread "Attach Listener" daemon [_thread_blocked, id=7000, stack(0x000000d366e10000,0x000000d366f10000)]
  0x000000d3665bd080 JavaThread "Service Thread" daemon [_thread_blocked, id=9636, stack(0x000000d36b000000,0x000000d36b100000)]
  0x000000d3665bfb40 JavaThread "Monitor Deflation Thread" daemon [_thread_blocked, id=10264, stack(0x000000d36b100000,0x000000d36b200000)]
  0x000000d3665c05a0 JavaThread "C1 CompilerThread0" daemon [_thread_blocked, id=9108, stack(0x000000d36b200000,0x000000d36b300000)]
  0x000000d3665d4380 JavaThread "Sweeper thread" daemon [_thread_blocked, id=11244, stack(0x000000d36b300000,0x000000d36b400000)]
  0x000000d36660e960 JavaThread "Common-Cleaner" daemon [_thread_blocked, id=2188, stack(0x000000d36b800000,0x000000d36b900000)]
  0x000000d36ba9fd90 JavaThread "Monitor Ctrl-Break" daemon [_thread_in_native, id=11296, stack(0x000000d36c200000,0x000000d36c300000)]
  0x000000d36baa0260 JavaThread "Notification Thread" daemon [_thread_blocked, id=4244, stack(0x000000d36c300000,0x000000d36c400000)]
  0x000000d36bcd2ec0 JavaThread "RMI TCP Accept-0" daemon [_thread_in_native, id=4512, stack(0x000000d36c7e0000,0x000000d36c8e0000)]
  0x000000d36bffb3c0 JavaThread "RMI Scheduler(0)" daemon [_thread_blocked, id=11768, stack(0x000000d36d2d0000,0x000000d36d3d0000)]
  0x000000d36f2f4520 JavaThread "Live Reload Server" daemon [_thread_in_native, id=3056, stack(0x000000d36fe70000,0x000000d36ff70000)]
  0x000000d36bf2b540 JavaThread "DestroyJavaVM" [_thread_blocked, id=6996, stack(0x000000d3543b0000,0x000000d3544b0000)]
  0x000000d36bcd3860 JavaThread "Thread-5" [_thread_blocked, id=3636, stack(0x000000d36b900000,0x000000d36ba00000)]
  0x000000d36bcd46d0 JavaThread "restartedMain" [_thread_blocked, id=10344, stack(0x000000d36d5d0000,0x000000d36d6d0000)]
  0x000000d36bcd4ba0 JavaThread "Catalina-utility-1" [_thread_blocked, id=13072, stack(0x000000d36d1d0000,0x000000d36d2d0000)]
  0x000000d36bcd5070 JavaThread "Catalina-utility-2" [_thread_blocked, id=9512, stack(0x000000d36e6a0000,0x000000d36e7a0000)]
  0x000000d36bcd6d50 JavaThread "container-0" [_thread_blocked, id=4788, stack(0x000000d36e7a0000,0x000000d36e8a0000)]
  0x000000d36bcd63b0 JavaThread "HikariPool-2 housekeeper" daemon [_thread_blocked, id=7652, stack(0x000000d36e8a0000,0x000000d36e9a0000)]

Other Threads:
=>0x000000d3665aa250 VMThread "VM Thread" [stack: 0x000000d366810000,0x000000d366910000] [id=516]
  0x000000d354d19340 WatcherThread [stack: 0x000000d36c8e0000,0x000000d36c9e0000] [id=8616]
  0x000000d354d74010 GCTaskThread "GC Thread#0" [stack: 0x000000d3549a0000,0x000000d354aa0000] [id=3160]
  0x000000d36bcf9050 GCTaskThread "GC Thread#1" [stack: 0x000000d36c9e0000,0x000000d36cae0000] [id=12124]
  0x000000d36bcf9300 GCTaskThread "GC Thread#2" [stack: 0x000000d36cae0000,0x000000d36cbe0000] [id=8628]
  0x000000d36bcfa880 GCTaskThread "GC Thread#3" [stack: 0x000000d36cbe0000,0x000000d36cce0000] [id=13240]
  0x000000d354d84910 ConcurrentGCThread "G1 Main Marker" [stack: 0x000000d354aa0000,0x000000d354ba0000] [id=1616]
  0x000000d354d85ee0 ConcurrentGCThread "G1 Conc#0" [stack: 0x000000d354ba0000,0x000000d354ca0000] [id=2140]
  0x000000d36645e130 ConcurrentGCThread "G1 Refine#0" [stack: 0x000000d366610000,0x000000d366710000] [id=7764]
  0x000000d36bd084f0 ConcurrentGCThread "G1 Refine#1" [stack: 0x000000d36cce0000,0x000000d36cde0000] [id=876]
  0x000000d36645e960 ConcurrentGCThread "G1 Service" [stack: 0x000000d366710000,0x000000d366810000] [id=6836]

Threads with active compile tasks:

VM state: at safepoint (normal execution)

VM Mutex/Monitor currently owned by a thread:  ([mutex/lock_event])
[0x000000d354d15440] Threads_lock - owner thread: 0x000000d3665aa250
[0x000000d354d13af0] Heap_lock - owner thread: 0x000000d36bcd46d0

Heap address: 0x0000000083200000, size: 1998 MB, Compressed Oops mode: 32-bit

CDS archive(s) mapped at: [0x000000d300000000-0x000000d300bd0000-0x000000d300bd0000), size 12386304, SharedBaseAddress: 0x000000d300000000, ArchiveRelocationMode: 1.
Compressed class space mapped at: 0x000000d301000000-0x000000d341000000, reserved size: 1073741824
Narrow klass base: 0x000000d300000000, Narrow klass shift: 0, Narrow klass range: 0x100000000

GC Precious Log:
 CPUs: 4 total, 4 available
 Memory: 7989M
 Large Page Support: Disabled
 NUMA Support: Disabled
 Compressed Oops: Enabled (32-bit)
 Heap Region Size: 1M
 Heap Min Capacity: 8M
 Heap Initial Capacity: 126M
 Heap Max Capacity: 1998M
 Pre-touch: Disabled
 Parallel Workers: 4
 Concurrent Workers: 1
 Concurrent Refinement Workers: 4
 Periodic GC: Disabled

Heap:
 garbage-first heap   total 196608K, used 32944K [0x0000000083200000, 0x0000000100000000)
  region size 1024K, 2 young (2048K), 2 survivors (2048K)
 Metaspace       used 67000K, committed 67648K, reserved 1114112K
  class space    used 9710K, committed 10048K, reserved 1048576K

Heap Regions: E=young(eden), S=young(survivor), O=old, HS=humongous(starts), HC=humongous(continues), CS=collection set, F=free, OA=open archive, CA=closed archive, TAMS=top-at-mark-start (previous, next)
|   0|0x0000000083200000, 0x0000000083300000, 0x0000000083300000|100%|HS|  |TAMS 0x0000000083300000, 0x0000000083200000| Untracked 
|   1|0x0000000083300000, 0x0000000083400000, 0x0000000083400000|100%| O|  |TAMS 0x0000000083400000, 0x0000000083300000| Untracked 
|   2|0x0000000083400000, 0x0000000083500000, 0x0000000083500000|100%| O|  |TAMS 0x0000000083500000, 0x0000000083400000| Untracked 
|   3|0x0000000083500000, 0x0000000083600000, 0x0000000083600000|100%| O|  |TAMS 0x0000000083500000, 0x0000000083500000| Untracked 
|   4|0x0000000083600000, 0x00000000836e9c68, 0x0000000083700000| 91%| O|  |TAMS 0x0000000083600000, 0x0000000083600000| Untracked 
|   5|0x0000000083700000, 0x0000000083800000, 0x0000000083800000|100%| O|  |TAMS 0x0000000083700000, 0x0000000083700000| Untracked 
|   6|0x0000000083800000, 0x00000000838ff678, 0x0000000083900000| 99%| O|  |TAMS 0x0000000083800000, 0x0000000083800000| Untracked 
|   7|0x0000000083900000, 0x00000000839fffa8, 0x0000000083a00000| 99%| O|  |TAMS 0x0000000083900000, 0x0000000083900000| Untracked 
|   8|0x0000000083a00000, 0x0000000083b00000, 0x0000000083b00000|100%| O|  |TAMS 0x0000000083a00000, 0x0000000083a00000| Untracked 
|   9|0x0000000083b00000, 0x0000000083bfffe8, 0x0000000083c00000| 99%| O|  |TAMS 0x0000000083b00000, 0x0000000083b00000| Untracked 
|  10|0x0000000083c00000, 0x0000000083cff400, 0x0000000083d00000| 99%| O|  |TAMS 0x0000000083c00000, 0x0000000083c00000| Untracked 
|  11|0x0000000083d00000, 0x0000000083dffff0, 0x0000000083e00000| 99%| O|  |TAMS 0x0000000083d00000, 0x0000000083d00000| Untracked 
|  12|0x0000000083e00000, 0x0000000083f00000, 0x0000000083f00000|100%| O|  |TAMS 0x0000000083e00000, 0x0000000083e00000| Untracked 
|  13|0x0000000083f00000, 0x0000000083ffffb8, 0x0000000084000000| 99%| O|  |TAMS 0x0000000083f00000, 0x0000000083f00000| Untracked 
|  14|0x0000000084000000, 0x00000000840ffff8, 0x0000000084100000| 99%| O|  |TAMS 0x0000000084000000, 0x0000000084000000| Untracked 
|  15|0x0000000084100000, 0x00000000841fffe8, 0x0000000084200000| 99%| O|  |TAMS 0x0000000084100000, 0x0000000084100000| Untracked 
|  16|0x0000000084200000, 0x0000000084300000, 0x0000000084300000|100%| O|  |TAMS 0x0000000084200000, 0x0000000084200000| Untracked 
|  17|0x0000000084300000, 0x000000008436f630, 0x0000000084400000| 43%| O|  |TAMS 0x0000000084300000, 0x0000000084300000| Untracked 
|  18|0x0000000084400000, 0x0000000084500000, 0x0000000084500000|100%| O|  |TAMS 0x0000000084400000, 0x0000000084400000| Untracked 
|  19|0x0000000084500000, 0x0000000084600000, 0x0000000084600000|100%| O|  |TAMS 0x0000000084500000, 0x0000000084500000| Untracked 
|  20|0x0000000084600000, 0x0000000084700000, 0x0000000084700000|100%| O|  |TAMS 0x0000000084600000, 0x0000000084600000| Untracked 
|  21|0x0000000084700000, 0x00000000847ffff8, 0x0000000084800000| 99%| O|  |TAMS 0x0000000084700000, 0x0000000084700000| Untracked 
|  22|0x0000000084800000, 0x00000000848fffe8, 0x0000000084900000| 99%| O|  |TAMS 0x0000000084800000, 0x0000000084800000| Untracked 
|  23|0x0000000084900000, 0x00000000849fffe0, 0x0000000084a00000| 99%| O|  |TAMS 0x0000000084900000, 0x0000000084900000| Untracked 
|  24|0x0000000084a00000, 0x0000000084aff7c0, 0x0000000084b00000| 99%| O|  |TAMS 0x0000000084a00000, 0x0000000084a00000| Untracked 
|  25|0x0000000084b00000, 0x0000000084b83bf0, 0x0000000084c00000| 51%| O|  |TAMS 0x0000000084b00000, 0x0000000084b00000| Untracked 
|  26|0x0000000084c00000, 0x0000000084d00000, 0x0000000084d00000|100%| O|  |TAMS 0x0000000084c00000, 0x0000000084c00000| Untracked 
|  27|0x0000000084d00000, 0x0000000084e00000, 0x0000000084e00000|100%| O|  |TAMS 0x0000000084d00000, 0x0000000084d00000| Untracked 
|  28|0x0000000084e00000, 0x0000000084f00000, 0x0000000084f00000|100%| O|  |TAMS 0x0000000084e00000, 0x0000000084e00000| Untracked 
|  29|0x0000000084f00000, 0x0000000085000000, 0x0000000085000000|100%| O|  |TAMS 0x0000000084f00000, 0x0000000084f00000| Untracked 
|  30|0x0000000085000000, 0x00000000850ffac8, 0x0000000085100000| 99%| O|  |TAMS 0x0000000085000000, 0x0000000085000000| Untracked 
|  31|0x0000000085100000, 0x00000000851386b0, 0x0000000085200000| 22%| O|  |TAMS 0x0000000085100000, 0x0000000085100000| Untracked 
|  32|0x0000000085200000, 0x00000000852e0800, 0x0000000085300000| 87%| O|  |TAMS 0x0000000085200000, 0x0000000085200000| Untracked 
|  33|0x0000000085300000, 0x0000000085300000, 0x0000000085400000|  0%| F|  |TAMS 0x0000000085300000, 0x0000000085300000| Untracked 
|  34|0x0000000085400000, 0x0000000085400000, 0x0000000085500000|  0%| F|  |TAMS 0x0000000085400000, 0x0000000085400000| Untracked 
|  35|0x0000000085500000, 0x0000000085500000, 0x0000000085600000|  0%| F|  |TAMS 0x0000000085500000, 0x0000000085500000| Untracked 
|  36|0x0000000085600000, 0x0000000085600000, 0x0000000085700000|  0%| F|  |TAMS 0x0000000085600000, 0x0000000085600000| Untracked 
|  37|0x0000000085700000, 0x0000000085700000, 0x0000000085800000|  0%| F|  |TAMS 0x0000000085700000, 0x0000000085700000| Untracked 
|  38|0x0000000085800000, 0x0000000085800000, 0x0000000085900000|  0%| F|  |TAMS 0x0000000085800000, 0x0000000085800000| Untracked 
|  39|0x0000000085900000, 0x0000000085900000, 0x0000000085a00000|  0%| F|  |TAMS 0x0000000085900000, 0x0000000085900000| Untracked 
|  40|0x0000000085a00000, 0x0000000085a00000, 0x0000000085b00000|  0%| F|  |TAMS 0x0000000085a00000, 0x0000000085a00000| Untracked 
|  41|0x0000000085b00000, 0x0000000085b00000, 0x0000000085c00000|  0%| F|  |TAMS 0x0000000085b00000, 0x0000000085b00000| Untracked 
|  42|0x0000000085c00000, 0x0000000085c00000, 0x0000000085d00000|  0%| F|  |TAMS 0x0000000085c00000, 0x0000000085c00000| Untracked 
|  43|0x0000000085d00000, 0x0000000085d00000, 0x0000000085e00000|  0%| F|  |TAMS 0x0000000085d00000, 0x0000000085d00000| Untracked 
|  44|0x0000000085e00000, 0x0000000085e00000, 0x0000000085f00000|  0%| F|  |TAMS 0x0000000085e00000, 0x0000000085e00000| Untracked 
|  45|0x0000000085f00000, 0x0000000085f00000, 0x0000000086000000|  0%| F|  |TAMS 0x0000000085f00000, 0x0000000085f00000| Untracked 
|  46|0x0000000086000000, 0x0000000086000000, 0x0000000086100000|  0%| F|  |TAMS 0x0000000086000000, 0x0000000086000000| Untracked 
|  47|0x0000000086100000, 0x0000000086100000, 0x0000000086200000|  0%| F|  |TAMS 0x0000000086100000, 0x0000000086100000| Untracked 
|  48|0x0000000086200000, 0x0000000086200000, 0x0000000086300000|  0%| F|  |TAMS 0x0000000086200000, 0x0000000086200000| Untracked 
|  49|0x0000000086300000, 0x0000000086300000, 0x0000000086400000|  0%| F|  |TAMS 0x0000000086300000, 0x0000000086300000| Untracked 
|  50|0x0000000086400000, 0x0000000086400000, 0x0000000086500000|  0%| F|  |TAMS 0x0000000086400000, 0x0000000086400000| Untracked 
|  51|0x0000000086500000, 0x0000000086500000, 0x0000000086600000|  0%| F|  |TAMS 0x0000000086500000, 0x0000000086500000| Untracked 
|  52|0x0000000086600000, 0x0000000086600000, 0x0000000086700000|  0%| F|  |TAMS 0x0000000086600000, 0x0000000086600000| Untracked 
|  53|0x0000000086700000, 0x0000000086700000, 0x0000000086800000|  0%| F|  |TAMS 0x0000000086700000, 0x0000000086700000| Untracked 
|  54|0x0000000086800000, 0x0000000086800000, 0x0000000086900000|  0%| F|  |TAMS 0x0000000086800000, 0x0000000086800000| Untracked 
|  55|0x0000000086900000, 0x0000000086900000, 0x0000000086a00000|  0%| F|  |TAMS 0x0000000086900000, 0x0000000086900000| Untracked 
|  56|0x0000000086a00000, 0x0000000086a00000, 0x0000000086b00000|  0%| F|  |TAMS 0x0000000086a00000, 0x0000000086a00000| Untracked 
|  57|0x0000000086b00000, 0x0000000086b00000, 0x0000000086c00000|  0%| F|  |TAMS 0x0000000086b00000, 0x0000000086b00000| Untracked 
|  58|0x0000000086c00000, 0x0000000086c00000, 0x0000000086d00000|  0%| F|  |TAMS 0x0000000086c00000, 0x0000000086c00000| Untracked 
|  59|0x0000000086d00000, 0x0000000086d00000, 0x0000000086e00000|  0%| F|  |TAMS 0x0000000086d00000, 0x0000000086d00000| Untracked 
|  60|0x0000000086e00000, 0x0000000086e00000, 0x0000000086f00000|  0%| F|  |TAMS 0x0000000086e00000, 0x0000000086e00000| Untracked 
|  61|0x0000000086f00000, 0x0000000086f00000, 0x0000000087000000|  0%| F|  |TAMS 0x0000000086f00000, 0x0000000086f00000| Untracked 
|  62|0x0000000087000000, 0x0000000087000000, 0x0000000087100000|  0%| F|  |TAMS 0x0000000087000000, 0x0000000087000000| Untracked 
|  63|0x0000000087100000, 0x0000000087100000, 0x0000000087200000|  0%| F|  |TAMS 0x0000000087100000, 0x0000000087100000| Untracked 
|  64|0x0000000087200000, 0x0000000087200000, 0x0000000087300000|  0%| F|  |TAMS 0x0000000087200000, 0x0000000087200000| Untracked 
|  65|0x0000000087300000, 0x0000000087300000, 0x0000000087400000|  0%| F|  |TAMS 0x0000000087300000, 0x0000000087300000| Untracked 
|  66|0x0000000087400000, 0x0000000087400000, 0x0000000087500000|  0%| F|  |TAMS 0x0000000087400000, 0x0000000087400000| Untracked 
|  67|0x0000000087500000, 0x0000000087500000, 0x0000000087600000|  0%| F|  |TAMS 0x0000000087500000, 0x0000000087500000| Untracked 
|  68|0x0000000087600000, 0x0000000087600000, 0x0000000087700000|  0%| F|  |TAMS 0x0000000087600000, 0x0000000087600000| Untracked 
|  69|0x0000000087700000, 0x0000000087700000, 0x0000000087800000|  0%| F|  |TAMS 0x0000000087700000, 0x0000000087700000| Untracked 
|  70|0x0000000087800000, 0x0000000087800000, 0x0000000087900000|  0%| F|  |TAMS 0x0000000087800000, 0x0000000087800000| Untracked 
|  71|0x0000000087900000, 0x0000000087900000, 0x0000000087a00000|  0%| F|  |TAMS 0x0000000087900000, 0x0000000087900000| Untracked 
|  72|0x0000000087a00000, 0x0000000087a00000, 0x0000000087b00000|  0%| F|  |TAMS 0x0000000087a00000, 0x0000000087a00000| Untracked 
|  73|0x0000000087b00000, 0x0000000087b00000, 0x0000000087c00000|  0%| F|  |TAMS 0x0000000087b00000, 0x0000000087b00000| Untracked 
|  74|0x0000000087c00000, 0x0000000087c00000, 0x0000000087d00000|  0%| F|  |TAMS 0x0000000087c00000, 0x0000000087c00000| Untracked 
|  75|0x0000000087d00000, 0x0000000087d00000, 0x0000000087e00000|  0%| F|  |TAMS 0x0000000087d00000, 0x0000000087d00000| Untracked 
|  76|0x0000000087e00000, 0x0000000087e00000, 0x0000000087f00000|  0%| F|  |TAMS 0x0000000087e00000, 0x0000000087e00000| Untracked 
|  77|0x0000000087f00000, 0x0000000087f00000, 0x0000000088000000|  0%| F|  |TAMS 0x0000000087f00000, 0x0000000087f00000| Untracked 
|  78|0x0000000088000000, 0x0000000088000000, 0x0000000088100000|  0%| F|  |TAMS 0x0000000088000000, 0x0000000088000000| Untracked 
|  79|0x0000000088100000, 0x0000000088100000, 0x0000000088200000|  0%| F|  |TAMS 0x0000000088100000, 0x0000000088100000| Untracked 
|  80|0x0000000088200000, 0x0000000088200000, 0x0000000088300000|  0%| F|  |TAMS 0x0000000088200000, 0x0000000088200000| Untracked 
|  81|0x0000000088300000, 0x0000000088300000, 0x0000000088400000|  0%| F|  |TAMS 0x0000000088300000, 0x0000000088300000| Untracked 
|  82|0x0000000088400000, 0x0000000088400000, 0x0000000088500000|  0%| F|  |TAMS 0x0000000088400000, 0x0000000088400000| Untracked 
|  83|0x0000000088500000, 0x0000000088500000, 0x0000000088600000|  0%| F|  |TAMS 0x0000000088500000, 0x0000000088500000| Untracked 
|  84|0x0000000088600000, 0x0000000088600000, 0x0000000088700000|  0%| F|  |TAMS 0x0000000088600000, 0x0000000088600000| Untracked 
|  85|0x0000000088700000, 0x0000000088700000, 0x0000000088800000|  0%| F|  |TAMS 0x0000000088700000, 0x0000000088700000| Untracked 
|  86|0x0000000088800000, 0x0000000088800000, 0x0000000088900000|  0%| F|  |TAMS 0x0000000088800000, 0x0000000088800000| Untracked 
|  87|0x0000000088900000, 0x0000000088900000, 0x0000000088a00000|  0%| F|  |TAMS 0x0000000088900000, 0x0000000088900000| Untracked 
|  88|0x0000000088a00000, 0x0000000088a00000, 0x0000000088b00000|  0%| F|  |TAMS 0x0000000088a00000, 0x0000000088a00000| Untracked 
|  89|0x0000000088b00000, 0x0000000088b00000, 0x0000000088c00000|  0%| F|  |TAMS 0x0000000088b00000, 0x0000000088b00000| Untracked 
|  90|0x0000000088c00000, 0x0000000088c00000, 0x0000000088d00000|  0%| F|  |TAMS 0x0000000088c00000, 0x0000000088c00000| Untracked 
|  91|0x0000000088d00000, 0x0000000088d00000, 0x0000000088e00000|  0%| F|  |TAMS 0x0000000088d00000, 0x0000000088d00000| Untracked 
|  92|0x0000000088e00000, 0x0000000088e00000, 0x0000000088f00000|  0%| F|  |TAMS 0x0000000088e00000, 0x0000000088e00000| Untracked 
|  93|0x0000000088f00000, 0x0000000088f00000, 0x0000000089000000|  0%| F|  |TAMS 0x0000000088f00000, 0x0000000088f00000| Untracked 
|  94|0x0000000089000000, 0x0000000089000000, 0x0000000089100000|  0%| F|  |TAMS 0x0000000089000000, 0x0000000089000000| Untracked 
|  95|0x0000000089100000, 0x0000000089100000, 0x0000000089200000|  0%| F|  |TAMS 0x0000000089100000, 0x0000000089100000| Untracked 
|  96|0x0000000089200000, 0x0000000089200000, 0x0000000089300000|  0%| F|  |TAMS 0x0000000089200000, 0x0000000089200000| Untracked 
|  97|0x0000000089300000, 0x0000000089300000, 0x0000000089400000|  0%| F|  |TAMS 0x0000000089300000, 0x0000000089300000| Untracked 
|  98|0x0000000089400000, 0x0000000089400000, 0x0000000089500000|  0%| F|  |TAMS 0x0000000089400000, 0x0000000089400000| Untracked 
|  99|0x0000000089500000, 0x0000000089500000, 0x0000000089600000|  0%| F|  |TAMS 0x0000000089500000, 0x0000000089500000| Untracked 
| 100|0x0000000089600000, 0x0000000089600000, 0x0000000089700000|  0%| F|  |TAMS 0x0000000089600000, 0x0000000089600000| Untracked 
| 101|0x0000000089700000, 0x0000000089700000, 0x0000000089800000|  0%| F|  |TAMS 0x0000000089700000, 0x0000000089700000| Untracked 
| 102|0x0000000089800000, 0x0000000089800000, 0x0000000089900000|  0%| F|  |TAMS 0x0000000089800000, 0x0000000089800000| Untracked 
| 103|0x0000000089900000, 0x0000000089900000, 0x0000000089a00000|  0%| F|  |TAMS 0x0000000089900000, 0x0000000089900000| Untracked 
| 104|0x0000000089a00000, 0x0000000089a00000, 0x0000000089b00000|  0%| F|  |TAMS 0x0000000089a00000, 0x0000000089a00000| Untracked 
| 105|0x0000000089b00000, 0x0000000089b00000, 0x0000000089c00000|  0%| F|  |TAMS 0x0000000089b00000, 0x0000000089b00000| Untracked 
| 106|0x0000000089c00000, 0x0000000089c00000, 0x0000000089d00000|  0%| F|  |TAMS 0x0000000089c00000, 0x0000000089c00000| Untracked 
| 107|0x0000000089d00000, 0x0000000089d00000, 0x0000000089e00000|  0%| F|  |TAMS 0x0000000089d00000, 0x0000000089d00000| Untracked 
| 108|0x0000000089e00000, 0x0000000089e00000, 0x0000000089f00000|  0%| F|  |TAMS 0x0000000089e00000, 0x0000000089e00000| Untracked 
| 109|0x0000000089f00000, 0x0000000089f00000, 0x000000008a000000|  0%| F|  |TAMS 0x0000000089f00000, 0x0000000089f00000| Untracked 
| 110|0x000000008a000000, 0x000000008a000000, 0x000000008a100000|  0%| F|  |TAMS 0x000000008a000000, 0x000000008a000000| Untracked 
| 111|0x000000008a100000, 0x000000008a100000, 0x000000008a200000|  0%| F|  |TAMS 0x000000008a100000, 0x000000008a100000| Untracked 
| 112|0x000000008a200000, 0x000000008a200000, 0x000000008a300000|  0%| F|  |TAMS 0x000000008a200000, 0x000000008a200000| Untracked 
| 113|0x000000008a300000, 0x000000008a300000, 0x000000008a400000|  0%| F|  |TAMS 0x000000008a300000, 0x000000008a300000| Untracked 
| 114|0x000000008a400000, 0x000000008a400000, 0x000000008a500000|  0%| F|  |TAMS 0x000000008a400000, 0x000000008a400000| Untracked 
| 115|0x000000008a500000, 0x000000008a500000, 0x000000008a600000|  0%| F|  |TAMS 0x000000008a500000, 0x000000008a500000| Untracked 
| 116|0x000000008a600000, 0x000000008a600000, 0x000000008a700000|  0%| F|  |TAMS 0x000000008a600000, 0x000000008a600000| Untracked 
| 117|0x000000008a700000, 0x000000008a700000, 0x000000008a800000|  0%| F|  |TAMS 0x000000008a700000, 0x000000008a700000| Untracked 
| 118|0x000000008a800000, 0x000000008a800000, 0x000000008a900000|  0%| F|  |TAMS 0x000000008a800000, 0x000000008a800000| Untracked 
| 119|0x000000008a900000, 0x000000008a900000, 0x000000008aa00000|  0%| F|  |TAMS 0x000000008a900000, 0x000000008a900000| Untracked 
| 120|0x000000008aa00000, 0x000000008aa00000, 0x000000008ab00000|  0%| F|  |TAMS 0x000000008aa00000, 0x000000008aa00000| Untracked 
| 121|0x000000008ab00000, 0x000000008ab00000, 0x000000008ac00000|  0%| F|  |TAMS 0x000000008ab00000, 0x000000008ab00000| Untracked 
| 122|0x000000008ac00000, 0x000000008ac00000, 0x000000008ad00000|  0%| F|  |TAMS 0x000000008ac00000, 0x000000008ac00000| Untracked 
| 123|0x000000008ad00000, 0x000000008ad00000, 0x000000008ae00000|  0%| F|  |TAMS 0x000000008ad00000, 0x000000008ad00000| Untracked 
| 124|0x000000008ae00000, 0x000000008ae00000, 0x000000008af00000|  0%| F|  |TAMS 0x000000008ae00000, 0x000000008ae00000| Untracked 
| 125|0x000000008af00000, 0x000000008af00000, 0x000000008b000000|  0%| F|  |TAMS 0x000000008af00000, 0x000000008af00000| Untracked 
| 126|0x000000008b000000, 0x000000008b000000, 0x000000008b100000|  0%| F|  |TAMS 0x000000008b000000, 0x000000008b000000| Untracked 
| 127|0x000000008b100000, 0x000000008b100000, 0x000000008b200000|  0%| F|  |TAMS 0x000000008b100000, 0x000000008b100000| Untracked 
| 128|0x000000008b200000, 0x000000008b200000, 0x000000008b300000|  0%| F|  |TAMS 0x000000008b200000, 0x000000008b200000| Untracked 
| 129|0x000000008b300000, 0x000000008b300000, 0x000000008b400000|  0%| F|  |TAMS 0x000000008b300000, 0x000000008b300000| Untracked 
| 130|0x000000008b400000, 0x000000008b400000, 0x000000008b500000|  0%| F|  |TAMS 0x000000008b400000, 0x000000008b400000| Untracked 
| 131|0x000000008b500000, 0x000000008b500000, 0x000000008b600000|  0%| F|  |TAMS 0x000000008b500000, 0x000000008b500000| Untracked 
| 132|0x000000008b600000, 0x000000008b600000, 0x000000008b700000|  0%| F|  |TAMS 0x000000008b600000, 0x000000008b600000| Untracked 
| 133|0x000000008b700000, 0x000000008b700000, 0x000000008b800000|  0%| F|  |TAMS 0x000000008b700000, 0x000000008b700000| Untracked 
| 134|0x000000008b800000, 0x000000008b800000, 0x000000008b900000|  0%| F|  |TAMS 0x000000008b800000, 0x000000008b800000| Untracked 
| 135|0x000000008b900000, 0x000000008b900000, 0x000000008ba00000|  0%| F|  |TAMS 0x000000008b900000, 0x000000008b900000| Untracked 
| 136|0x000000008ba00000, 0x000000008ba00000, 0x000000008bb00000|  0%| F|  |TAMS 0x000000008ba00000, 0x000000008ba00000| Untracked 
| 137|0x000000008bb00000, 0x000000008bb00000, 0x000000008bc00000|  0%| F|  |TAMS 0x000000008bb00000, 0x000000008bb00000| Untracked 
| 138|0x000000008bc00000, 0x000000008bc00000, 0x000000008bd00000|  0%| F|  |TAMS 0x000000008bc00000, 0x000000008bc00000| Untracked 
| 139|0x000000008bd00000, 0x000000008bd00000, 0x000000008be00000|  0%| F|  |TAMS 0x000000008bd00000, 0x000000008bd00000| Untracked 
| 140|0x000000008be00000, 0x000000008be00000, 0x000000008bf00000|  0%| F|  |TAMS 0x000000008be00000, 0x000000008be00000| Untracked 
| 141|0x000000008bf00000, 0x000000008bf00000, 0x000000008c000000|  0%| F|  |TAMS 0x000000008bf00000, 0x000000008bf00000| Untracked 
| 142|0x000000008c000000, 0x000000008c000000, 0x000000008c100000|  0%| F|  |TAMS 0x000000008c000000, 0x000000008c000000| Untracked 
| 143|0x000000008c100000, 0x000000008c100000, 0x000000008c200000|  0%| F|  |TAMS 0x000000008c100000, 0x000000008c100000| Untracked 
| 144|0x000000008c200000, 0x000000008c200000, 0x000000008c300000|  0%| F|  |TAMS 0x000000008c200000, 0x000000008c200000| Untracked 
| 145|0x000000008c300000, 0x000000008c300000, 0x000000008c400000|  0%| F|  |TAMS 0x000000008c300000, 0x000000008c300000| Untracked 
| 146|0x000000008c400000, 0x000000008c400000, 0x000000008c500000|  0%| F|  |TAMS 0x000000008c400000, 0x000000008c400000| Untracked 
| 147|0x000000008c500000, 0x000000008c500000, 0x000000008c600000|  0%| F|  |TAMS 0x000000008c500000, 0x000000008c500000| Untracked 
| 148|0x000000008c600000, 0x000000008c600000, 0x000000008c700000|  0%| F|  |TAMS 0x000000008c600000, 0x000000008c600000| Untracked 
| 149|0x000000008c700000, 0x000000008c700000, 0x000000008c800000|  0%| F|  |TAMS 0x000000008c700000, 0x000000008c700000| Untracked 
| 150|0x000000008c800000, 0x000000008c800000, 0x000000008c900000|  0%| F|  |TAMS 0x000000008c800000, 0x000000008c800000| Untracked 
| 151|0x000000008c900000, 0x000000008c900000, 0x000000008ca00000|  0%| F|  |TAMS 0x000000008c900000, 0x000000008c900000| Untracked 
| 152|0x000000008ca00000, 0x000000008ca00000, 0x000000008cb00000|  0%| F|  |TAMS 0x000000008ca00000, 0x000000008ca00000| Untracked 
| 153|0x000000008cb00000, 0x000000008cb00000, 0x000000008cc00000|  0%| F|  |TAMS 0x000000008cb00000, 0x000000008cb00000| Untracked 
| 154|0x000000008cc00000, 0x000000008cc00000, 0x000000008cd00000|  0%| F|  |TAMS 0x000000008cc00000, 0x000000008cc00000| Untracked 
| 155|0x000000008cd00000, 0x000000008cd00000, 0x000000008ce00000|  0%| F|  |TAMS 0x000000008cd00000, 0x000000008cd00000| Untracked 
| 156|0x000000008ce00000, 0x000000008ce00000, 0x000000008cf00000|  0%| F|  |TAMS 0x000000008ce00000, 0x000000008ce00000| Untracked 
| 157|0x000000008cf00000, 0x000000008cf00000, 0x000000008d000000|  0%| F|  |TAMS 0x000000008cf00000, 0x000000008cf00000| Untracked 
| 158|0x000000008d000000, 0x000000008d000000, 0x000000008d100000|  0%| F|  |TAMS 0x000000008d000000, 0x000000008d000000| Untracked 
| 159|0x000000008d100000, 0x000000008d100000, 0x000000008d200000|  0%| F|  |TAMS 0x000000008d100000, 0x000000008d100000| Untracked 
| 160|0x000000008d200000, 0x000000008d200000, 0x000000008d300000|  0%| F|  |TAMS 0x000000008d200000, 0x000000008d200000| Untracked 
| 161|0x000000008d300000, 0x000000008d300000, 0x000000008d400000|  0%| F|  |TAMS 0x000000008d300000, 0x000000008d300000| Untracked 
| 162|0x000000008d400000, 0x000000008d400000, 0x000000008d500000|  0%| F|  |TAMS 0x000000008d400000, 0x000000008d400000| Untracked 
| 163|0x000000008d500000, 0x000000008d500000, 0x000000008d600000|  0%| F|  |TAMS 0x000000008d500000, 0x000000008d500000| Untracked 
| 164|0x000000008d600000, 0x000000008d600000, 0x000000008d700000|  0%| F|  |TAMS 0x000000008d600000, 0x000000008d600000| Untracked 
| 165|0x000000008d700000, 0x000000008d700000, 0x000000008d800000|  0%| F|  |TAMS 0x000000008d700000, 0x000000008d700000| Untracked 
| 166|0x000000008d800000, 0x000000008d800000, 0x000000008d900000|  0%| F|  |TAMS 0x000000008d800000, 0x000000008d800000| Untracked 
| 167|0x000000008d900000, 0x000000008d900000, 0x000000008da00000|  0%| F|  |TAMS 0x000000008d900000, 0x000000008d900000| Untracked 
| 168|0x000000008da00000, 0x000000008da00000, 0x000000008db00000|  0%| F|  |TAMS 0x000000008da00000, 0x000000008da00000| Untracked 
| 169|0x000000008db00000, 0x000000008db00000, 0x000000008dc00000|  0%| F|  |TAMS 0x000000008db00000, 0x000000008db00000| Untracked 
| 170|0x000000008dc00000, 0x000000008dc00000, 0x000000008dd00000|  0%| F|  |TAMS 0x000000008dc00000, 0x000000008dc00000| Untracked 
| 171|0x000000008dd00000, 0x000000008dd00000, 0x000000008de00000|  0%| F|  |TAMS 0x000000008dd00000, 0x000000008dd00000| Untracked 
| 172|0x000000008de00000, 0x000000008de00000, 0x000000008df00000|  0%| F|  |TAMS 0x000000008de00000, 0x000000008de00000| Untracked 
| 173|0x000000008df00000, 0x000000008df00000, 0x000000008e000000|  0%| F|  |TAMS 0x000000008df00000, 0x000000008df00000| Untracked 
| 174|0x000000008e000000, 0x000000008e000000, 0x000000008e100000|  0%| F|  |TAMS 0x000000008e000000, 0x000000008e000000| Untracked 
| 175|0x000000008e100000, 0x000000008e100000, 0x000000008e200000|  0%| F|  |TAMS 0x000000008e100000, 0x000000008e100000| Untracked 
| 176|0x000000008e200000, 0x000000008e200000, 0x000000008e300000|  0%| F|  |TAMS 0x000000008e200000, 0x000000008e200000| Untracked 
| 177|0x000000008e300000, 0x000000008e300000, 0x000000008e400000|  0%| F|  |TAMS 0x000000008e300000, 0x000000008e300000| Untracked 
| 178|0x000000008e400000, 0x000000008e400000, 0x000000008e500000|  0%| F|  |TAMS 0x000000008e400000, 0x000000008e400000| Untracked 
| 179|0x000000008e500000, 0x000000008e500000, 0x000000008e600000|  0%| F|  |TAMS 0x000000008e500000, 0x000000008e500000| Untracked 
| 180|0x000000008e600000, 0x000000008e600000, 0x000000008e700000|  0%| F|  |TAMS 0x000000008e600000, 0x000000008e600000| Untracked 
| 181|0x000000008e700000, 0x000000008e738760, 0x000000008e800000| 22%| S|CS|TAMS 0x000000008e700000, 0x000000008e700000| Complete 
| 182|0x000000008e800000, 0x000000008e800000, 0x000000008e900000|  0%| F|  |TAMS 0x000000008e800000, 0x000000008e800000| Untracked 
| 183|0x000000008e900000, 0x000000008ea00000, 0x000000008ea00000|100%| S|CS|TAMS 0x000000008e900000, 0x000000008e900000| Complete 
| 184|0x000000008ea00000, 0x000000008ea00000, 0x000000008eb00000|  0%| F|  |TAMS 0x000000008ea00000, 0x000000008ea00000| Untracked 
| 185|0x000000008eb00000, 0x000000008eb00000, 0x000000008ec00000|  0%| F|  |TAMS 0x000000008eb00000, 0x000000008eb00000| Untracked 
| 186|0x000000008ec00000, 0x000000008ec00000, 0x000000008ed00000|  0%| F|  |TAMS 0x000000008ec00000, 0x000000008ec00000| Untracked 
| 187|0x000000008ed00000, 0x000000008ed00000, 0x000000008ee00000|  0%| F|  |TAMS 0x000000008ed00000, 0x000000008ed00000| Untracked 
| 188|0x000000008ee00000, 0x000000008ee00000, 0x000000008ef00000|  0%| F|  |TAMS 0x000000008ee00000, 0x000000008ee00000| Untracked 
| 189|0x000000008ef00000, 0x000000008ef00000, 0x000000008f000000|  0%| F|  |TAMS 0x000000008ef00000, 0x000000008ef00000| Untracked 
| 190|0x000000008f000000, 0x000000008f000000, 0x000000008f100000|  0%| F|  |TAMS 0x000000008f000000, 0x000000008f000000| Untracked 
| 191|0x000000008f100000, 0x000000008f100000, 0x000000008f200000|  0%| F|  |TAMS 0x000000008f100000, 0x000000008f100000| Untracked 

Card table byte_map: [0x000000d35f970000,0x000000d35fd60000] _byte_map_base: 0x000000d35f557000

Marking Bits (Prev, Next): (CMBitMap*) 0x000000d354d74620, (CMBitMap*) 0x000000d354d74660
 Prev Bits: [0x000000d360150000, 0x000000d362088000)
 Next Bits: [0x000000d362090000, 0x000000d363fc8000)

Polling page: 0x000000d352b70000

Metaspace:

Usage:
  Non-class:     55.95 MB used.
      Class:      9.48 MB used.
       Both:     65.43 MB used.

Virtual space:
  Non-class space:       64.00 MB reserved,      56.25 MB ( 88%) committed,  1 nodes.
      Class space:        1.00 GB reserved,       9.81 MB ( <1%) committed,  1 nodes.
             Both:        1.06 GB reserved,      66.06 MB (  6%) committed. 

Chunk freelists:
   Non-Class:  7.69 MB
       Class:  6.17 MB
        Both:  13.86 MB

MaxMetaspaceSize: unlimited
CompressedClassSpaceSize: 1.00 GB
Initial GC threshold: 21.00 MB
Current GC threshold: 109.81 MB
CDS: on
MetaspaceReclaimPolicy: balanced
 - commit_granule_bytes: 65536.
 - commit_granule_words: 8192.
 - virtual_space_node_default_size: 8388608.
 - enlarge_chunks_in_place: 1.
 - new_chunks_are_fully_committed: 0.
 - uncommit_free_chunks: 1.
 - use_allocation_guard: 0.
 - handle_deallocations: 1.


Internal statistics:

num_allocs_failed_limit: 12.
num_arena_births: 1040.
num_arena_deaths: 296.
num_vsnodes_births: 2.
num_vsnodes_deaths: 0.
num_space_committed: 1057.
num_space_uncommitted: 0.
num_chunks_returned_to_freelist: 356.
num_chunks_taken_from_freelist: 3684.
num_chunk_merges: 127.
num_chunk_splits: 2534.
num_chunks_enlarged: 1911.
num_purges: 2.
num_inconsistent_stats: 0.

CodeCache: size=49152Kb used=14624Kb max_used=14624Kb free=34527Kb
 bounds [0x000000d35c580000, 0x000000d35d3d0000, 0x000000d35f580000]
 total_blobs=9119 nmethods=8427 adapters=619
 compilation: enabled
              stopped_count=0, restarted_count=0
 full_count=0

Compilation events (20 events):
Event: 11060.966 Thread 0x000000d3665c05a0 8459       1       org.springframework.beans.PropertyEditorRegistrySupport::getCustomEditor (165 bytes)
Event: 11060.968 Thread 0x000000d3665c05a0 nmethod 8459 0x000000d35d3be890 code [0x000000d35d3beae0, 0x000000d35d3bf0d8]
Event: 11060.999 Thread 0x000000d3665c05a0 8463       1       org.hibernate.internal.AbstractSharedSessionContract::getJdbcSessionContext (5 bytes)
Event: 11060.999 Thread 0x000000d3665c05a0 nmethod 8463 0x000000d35d3bf390 code [0x000000d35d3bf520, 0x000000d35d3bf5f8]
Event: 11061.087 Thread 0x000000d3665c05a0 8464       1       org.springframework.data.util.AnnotationDetectionMethodCallback::doWith (91 bytes)
Event: 11061.089 Thread 0x000000d3665c05a0 nmethod 8464 0x000000d35d3bf690 code [0x000000d35d3bf8e0, 0x000000d35d3c01f8]
Event: 11061.089 Thread 0x000000d3665c05a0 8465       1       java.util.LinkedList$ListItr::checkForComodification (23 bytes)
Event: 11061.090 Thread 0x000000d3665c05a0 nmethod 8465 0x000000d35d3c0590 code [0x000000d35d3c0720, 0x000000d35d3c08a8]
Event: 11061.127 Thread 0x000000d3665c05a0 8466       1       org.springframework.expression.common.TemplateAwareExpressionParser::parseTemplate (44 bytes)
Event: 11061.129 Thread 0x000000d3665c05a0 nmethod 8466 0x000000d35d3c0990 code [0x000000d35d3c0b60, 0x000000d35d3c0e18]
Event: 11061.129 Thread 0x000000d3665c05a0 8467       1       org.springframework.expression.common.TemplateAwareExpressionParser::parseExpressions (287 bytes)
Event: 11061.135 Thread 0x000000d3665c05a0 nmethod 8467 0x000000d35d3c0f90 code [0x000000d35d3c12a0, 0x000000d35d3c22e8]
Event: 11061.135 Thread 0x000000d3665c05a0 8471   !   1       org.springframework.beans.TypeConverterDelegate::convertIfNecessary (897 bytes)
Event: 11061.151 Thread 0x000000d3665c05a0 nmethod 8471 0x000000d35d3c2f90 code [0x000000d35d3c3680, 0x000000d35d3c5de8]
Event: 11061.152 Thread 0x000000d3665c05a0 8468       1       org.springframework.context.expression.StandardBeanExpressionResolver$1::getExpressionPrefix (8 bytes)
Event: 11061.152 Thread 0x000000d3665c05a0 nmethod 8468 0x000000d35d3c7810 code [0x000000d35d3c79a0, 0x000000d35d3c7a78]
Event: 11061.152 Thread 0x000000d3665c05a0 8469       1       org.springframework.context.expression.StandardBeanExpressionResolver$1::getExpressionSuffix (8 bytes)
Event: 11061.152 Thread 0x000000d3665c05a0 nmethod 8469 0x000000d35d3c7b10 code [0x000000d35d3c7ca0, 0x000000d35d3c7d78]
Event: 11061.152 Thread 0x000000d3665c05a0 8470       1       org.springframework.expression.common.LiteralExpression::<init> (10 bytes)
Event: 11061.153 Thread 0x000000d3665c05a0 nmethod 8470 0x000000d35d3c7e10 code [0x000000d35d3c7fa0, 0x000000d35d3c80b8]

GC Heap History (20 events):
Event: 10703.792 GC heap after
{Heap after GC invocations=34 (full 0):
 garbage-first heap   total 91136K, used 34569K [0x0000000083200000, 0x0000000100000000)
  region size 1024K, 1 young (1024K), 1 survivors (1024K)
 Metaspace       used 66645K, committed 67328K, reserved 1114112K
  class space    used 9699K, committed 10048K, reserved 1048576K
}
Event: 10963.748 GC heap before
{Heap before GC invocations=34 (full 0):
 garbage-first heap   total 91136K, used 46857K [0x0000000083200000, 0x0000000100000000)
  region size 1024K, 14 young (14336K), 1 survivors (1024K)
 Metaspace       used 66746K, committed 67456K, reserved 1114112K
  class space    used 9721K, committed 10048K, reserved 1048576K
}
Event: 11013.243 GC heap after
{Heap after GC invocations=35 (full 1):
 garbage-first heap   total 89088K, used 24652K [0x0000000083200000, 0x0000000100000000)
  region size 1024K, 0 young (0K), 0 survivors (0K)
 Metaspace       used 66399K, committed 67456K, reserved 1114112K
  class space    used 9646K, committed 10048K, reserved 1048576K
}
Event: 11046.824 GC heap before
{Heap before GC invocations=35 (full 1):
 garbage-first heap   total 89088K, used 74828K [0x0000000083200000, 0x0000000100000000)
  region size 1024K, 50 young (51200K), 0 survivors (0K)
 Metaspace       used 66568K, committed 67456K, reserved 1114112K
  class space    used 9668K, committed 10048K, reserved 1048576K
}
Event: 11049.240 GC heap after
{Heap after GC invocations=36 (full 1):
 garbage-first heap   total 89088K, used 29479K [0x0000000083200000, 0x0000000100000000)
  region size 1024K, 5 young (5120K), 5 survivors (5120K)
 Metaspace       used 66568K, committed 67456K, reserved 1114112K
  class space    used 9668K, committed 10048K, reserved 1048576K
}
Event: 11050.538 GC heap before
{Heap before GC invocations=36 (full 1):
 garbage-first heap   total 89088K, used 30503K [0x0000000083200000, 0x0000000100000000)
  region size 1024K, 6 young (6144K), 5 survivors (5120K)
 Metaspace       used 66618K, committed 67520K, reserved 1114112K
  class space    used 9669K, committed 10048K, reserved 1048576K
}
Event: 11051.519 GC heap after
{Heap after GC invocations=37 (full 1):
 garbage-first heap   total 89088K, used 30177K [0x0000000083200000, 0x0000000100000000)
  region size 1024K, 1 young (1024K), 1 survivors (1024K)
 Metaspace       used 66618K, committed 67520K, reserved 1114112K
  class space    used 9669K, committed 10048K, reserved 1048576K
}
Event: 11052.836 GC heap before
{Heap before GC invocations=37 (full 1):
 garbage-first heap   total 89088K, used 33249K [0x0000000083200000, 0x0000000100000000)
  region size 1024K, 4 young (4096K), 1 survivors (1024K)
 Metaspace       used 66671K, committed 67520K, reserved 1114112K
  class space    used 9682K, committed 10048K, reserved 1048576K
}
Event: 11052.840 GC heap after
{Heap after GC invocations=38 (full 1):
 garbage-first heap   total 89088K, used 30198K [0x0000000083200000, 0x0000000100000000)
  region size 1024K, 1 young (1024K), 1 survivors (1024K)
 Metaspace       used 66671K, committed 67520K, reserved 1114112K
  class space    used 9682K, committed 10048K, reserved 1048576K
}
Event: 11053.158 GC heap before
{Heap before GC invocations=38 (full 1):
 garbage-first heap   total 89088K, used 33270K [0x0000000083200000, 0x0000000100000000)
  region size 1024K, 4 young (4096K), 1 survivors (1024K)
 Metaspace       used 66700K, committed 67520K, reserved 1114112K
  class space    used 9686K, committed 10048K, reserved 1048576K
}
Event: 11053.163 GC heap after
{Heap after GC invocations=39 (full 1):
 garbage-first heap   total 89088K, used 30242K [0x0000000083200000, 0x0000000100000000)
  region size 1024K, 1 young (1024K), 1 survivors (1024K)
 Metaspace       used 66700K, committed 67520K, reserved 1114112K
  class space    used 9686K, committed 10048K, reserved 1048576K
}
Event: 11055.206 GC heap before
{Heap before GC invocations=39 (full 1):
 garbage-first heap   total 89088K, used 36386K [0x0000000083200000, 0x0000000100000000)
  region size 1024K, 7 young (7168K), 1 survivors (1024K)
 Metaspace       used 66745K, committed 67520K, reserved 1114112K
  class space    used 9693K, committed 10048K, reserved 1048576K
}
Event: 11055.456 GC heap after
{Heap after GC invocations=40 (full 1):
 garbage-first heap   total 196608K, used 30584K [0x0000000083200000, 0x0000000100000000)
  region size 1024K, 1 young (1024K), 1 survivors (1024K)
 Metaspace       used 66745K, committed 67520K, reserved 1114112K
  class space    used 9693K, committed 10048K, reserved 1048576K
}
Event: 11057.596 GC heap before
{Heap before GC invocations=40 (full 1):
 garbage-first heap   total 196608K, used 38776K [0x0000000083200000, 0x0000000100000000)
  region size 1024K, 9 young (9216K), 1 survivors (1024K)
 Metaspace       used 66857K, committed 67584K, reserved 1114112K
  class space    used 9702K, committed 10048K, reserved 1048576K
}
Event: 11057.759 GC heap after
{Heap after GC invocations=41 (full 1):
 garbage-first heap   total 196608K, used 31749K [0x0000000083200000, 0x0000000100000000)
  region size 1024K, 2 young (2048K), 2 survivors (2048K)
 Metaspace       used 66857K, committed 67584K, reserved 1114112K
  class space    used 9702K, committed 10048K, reserved 1048576K
}
Event: 11058.053 GC heap before
{Heap before GC invocations=41 (full 1):
 garbage-first heap   total 196608K, used 38917K [0x0000000083200000, 0x0000000100000000)
  region size 1024K, 9 young (9216K), 2 survivors (2048K)
 Metaspace       used 66912K, committed 67584K, reserved 1114112K
  class space    used 9705K, committed 10048K, reserved 1048576K
}
Event: 11058.378 GC heap after
{Heap after GC invocations=42 (full 1):
 garbage-first heap   total 196608K, used 32023K [0x0000000083200000, 0x0000000100000000)
  region size 1024K, 1 young (1024K), 1 survivors (1024K)
 Metaspace       used 66912K, committed 67584K, reserved 1114112K
  class space    used 9705K, committed 10048K, reserved 1048576K
}
Event: 11060.688 GC heap before
{Heap before GC invocations=42 (full 1):
 garbage-first heap   total 196608K, used 40215K [0x0000000083200000, 0x0000000100000000)
  region size 1024K, 9 young (9216K), 1 survivors (1024K)
 Metaspace       used 66971K, committed 67648K, reserved 1114112K
  class space    used 9707K, committed 10048K, reserved 1048576K
}
Event: 11060.727 GC heap after
{Heap after GC invocations=43 (full 1):
 garbage-first heap   total 196608K, used 32580K [0x0000000083200000, 0x0000000100000000)
  region size 1024K, 1 young (1024K), 1 survivors (1024K)
 Metaspace       used 66971K, committed 67648K, reserved 1114112K
  class space    used 9707K, committed 10048K, reserved 1048576K
}
Event: 11061.160 GC heap before
{Heap before GC invocations=43 (full 1):
 garbage-first heap   total 196608K, used 40772K [0x0000000083200000, 0x0000000100000000)
  region size 1024K, 9 young (9216K), 1 survivors (1024K)
 Metaspace       used 67000K, committed 67648K, reserved 1114112K
  class space    used 9710K, committed 10048K, reserved 1048576K
}

Deoptimization events (14 events):
Event: 6.818 Thread 0x000000d36c04f610 DEOPT PACKING pc=0x000000d35cabb199 sp=0x000000d36d5ccf20
Event: 6.818 Thread 0x000000d36c04f610 DEOPT UNPACKING pc=0x000000d35c5d2b24 sp=0x000000d36d5cc400 mode 3
Event: 8.376 Thread 0x000000d36c04f610 DEOPT PACKING pc=0x000000d35cb63c55 sp=0x000000d36d5cde80
Event: 8.376 Thread 0x000000d36c04f610 DEOPT UNPACKING pc=0x000000d35c5d2b24 sp=0x000000d36d5cd328 mode 3
Event: 13.703 Thread 0x000000d36c04f610 DEOPT PACKING pc=0x000000d35cd7969d sp=0x000000d36d5cc280
Event: 13.703 Thread 0x000000d36c04f610 DEOPT UNPACKING pc=0x000000d35c5d2b24 sp=0x000000d36d5cb7e8 mode 3
Event: 23.337 Thread 0x000000d36c04f610 DEOPT PACKING pc=0x000000d35cadf7a4 sp=0x000000d36d5ccc30
Event: 23.337 Thread 0x000000d36c04f610 DEOPT UNPACKING pc=0x000000d35c5d2b24 sp=0x000000d36d5cc188 mode 0
Event: 24.048 Thread 0x000000d36c04f610 DEOPT PACKING pc=0x000000d35cad3da2 sp=0x000000d36d5cd990
Event: 24.048 Thread 0x000000d36c04f610 DEOPT UNPACKING pc=0x000000d35c5d2b24 sp=0x000000d36d5cce98 mode 3
Event: 24.049 Thread 0x000000d36c04f610 DEOPT PACKING pc=0x000000d35cab8325 sp=0x000000d36d5cd950
Event: 24.049 Thread 0x000000d36c04f610 DEOPT UNPACKING pc=0x000000d35c5d2b24 sp=0x000000d36d5cce98 mode 3
Event: 158.209 Thread 0x000000d36f2f19d0 DEOPT PACKING pc=0x000000d35ceff0a4 sp=0x000000d37056c160
Event: 158.209 Thread 0x000000d36f2f19d0 DEOPT UNPACKING pc=0x000000d35c5d2b24 sp=0x000000d37056b638 mode 0

Classes unloaded (20 events):
Event: 10975.031 Thread 0x000000d3665aa250 Unloading class 0x000000d3010d1c00 'java/lang/invoke/LambdaForm$MH+0x000000d3010d1c00'
Event: 10975.031 Thread 0x000000d3665aa250 Unloading class 0x000000d3010d1800 'java/lang/invoke/LambdaForm$MH+0x000000d3010d1800'
Event: 10975.031 Thread 0x000000d3665aa250 Unloading class 0x000000d3010d1400 'java/lang/invoke/LambdaForm$MH+0x000000d3010d1400'
Event: 10975.031 Thread 0x000000d3665aa250 Unloading class 0x000000d3010d1000 'java/lang/invoke/LambdaForm$MH+0x000000d3010d1000'
Event: 10975.031 Thread 0x000000d3665aa250 Unloading class 0x000000d3010d0c00 'java/lang/invoke/LambdaForm$MH+0x000000d3010d0c00'
Event: 10975.031 Thread 0x000000d3665aa250 Unloading class 0x000000d3010d0400 'java/lang/invoke/LambdaForm$MH+0x000000d3010d0400'
Event: 10975.031 Thread 0x000000d3665aa250 Unloading class 0x000000d3010d0000 'java/lang/invoke/LambdaForm$MH+0x000000d3010d0000'
Event: 10975.043 Thread 0x000000d3665aa250 Unloading class 0x000000d3010c0400 'jdk/internal/reflect/GeneratedSerializationConstructorAccessor3'
Event: 10975.044 Thread 0x000000d3665aa250 Unloading class 0x000000d3010c0000 'jdk/internal/reflect/GeneratedSerializationConstructorAccessor2'
Event: 10975.044 Thread 0x000000d3665aa250 Unloading class 0x000000d30100a400 'jdk/internal/reflect/GeneratedSerializationConstructorAccessor1'
Event: 10975.058 Thread 0x000000d3665aa250 Unloading class 0x000000d301009c00 'java/lang/invoke/LambdaForm$DMH+0x000000d301009c00'
Event: 10975.058 Thread 0x000000d3665aa250 Unloading class 0x000000d301009400 'java/lang/invoke/LambdaForm$DMH+0x000000d301009400'
Event: 10975.059 Thread 0x000000d3665aa250 Unloading class 0x000000d301008800 'jdk/internal/reflect/GeneratedConstructorAccessor1'
Event: 10975.059 Thread 0x000000d3665aa250 Unloading class 0x000000d301007400 'java/lang/invoke/LambdaForm$MH+0x000000d301007400'
Event: 10975.059 Thread 0x000000d3665aa250 Unloading class 0x000000d301007000 'java/lang/invoke/LambdaForm$MH+0x000000d301007000'
Event: 10975.059 Thread 0x000000d3665aa250 Unloading class 0x000000d301006c00 'java/lang/invoke/LambdaForm$MH+0x000000d301006c00'
Event: 10975.059 Thread 0x000000d3665aa250 Unloading class 0x000000d301006800 'java/lang/invoke/LambdaForm$MH+0x000000d301006800'
Event: 10975.059 Thread 0x000000d3665aa250 Unloading class 0x000000d301006400 'java/lang/invoke/LambdaForm$MH+0x000000d301006400'
Event: 10975.059 Thread 0x000000d3665aa250 Unloading class 0x000000d301005000 'java/lang/invoke/LambdaForm$MH+0x000000d301005000'
Event: 10975.059 Thread 0x000000d3665aa250 Unloading class 0x000000d301004c00 'java/lang/invoke/LambdaForm$MH+0x000000d301004c00'

Classes redefined (0 events):
No events

Internal exceptions (20 events):
Event: 158.157 Thread 0x000000d36f2f19d0 Exception <a 'java/lang/NoSuchMethodError'{0x00000000884000f0}: 'java.lang.Object java.lang.invoke.DirectMethodHandle$Holder.newInvokeSpecial(java.lang.Object, long)'> (0x00000000884000f0) 
thrown [s\open\src\hotspot\share\interpreter\linkResolver.cpp, line 759]
Event: 10933.625 Thread 0x000000d36bf2c3b0 Exception <a 'java/lang/InterruptedException'{0x0000000087f79038}: sleep interrupted> (0x0000000087f79038) 
thrown [s\open\src\hotspot\share\prims\jvm.cpp, line 3070]
Event: 11017.626 Thread 0x000000d36bcd46d0 Exception <a 'sun/nio/fs/WindowsException'{0x00000000887232f0}> (0x00000000887232f0) 
thrown [s\open\src\hotspot\share\prims\jni.cpp, line 516]
Event: 11021.038 Thread 0x000000d36bcd46d0 Exception <a 'sun/nio/fs/WindowsException'{0x00000000885947c0}> (0x00000000885947c0) 
thrown [s\open\src\hotspot\share\prims\jni.cpp, line 516]
Event: 11033.247 Thread 0x000000d36bcd46d0 Exception <a 'sun/nio/fs/WindowsException'{0x00000000870901c0}> (0x00000000870901c0) 
thrown [s\open\src\hotspot\share\prims\jni.cpp, line 516]
Event: 11033.601 Thread 0x000000d36bcd46d0 Exception <a 'sun/nio/fs/WindowsException'{0x0000000086e15400}> (0x0000000086e15400) 
thrown [s\open\src\hotspot\share\prims\jni.cpp, line 516]
Event: 11034.702 Thread 0x000000d36bcd46d0 Exception <a 'java/lang/NoClassDefFoundError'{0x00000000869944c0}: org/flywaydb/core/Flyway> (0x00000000869944c0) 
thrown [s\open\src\hotspot\share\oops\constantPool.cpp, line 835]
Event: 11034.702 Thread 0x000000d36bcd46d0 Exception <a 'java/lang/NoClassDefFoundError'{0x0000000086994b10}: liquibase/integration/spring/SpringLiquibase> (0x0000000086994b10) 
thrown [s\open\src\hotspot\share\oops\constantPool.cpp, line 835]
Event: 11034.717 Thread 0x000000d36bcd46d0 Exception <a 'java/lang/NoClassDefFoundError'{0x00000000869c20b0}: org/springframework/batch/core/repository/JobRepository> (0x00000000869c20b0) 
thrown [s\open\src\hotspot\share\oops\constantPool.cpp, line 835]
Event: 11034.717 Thread 0x000000d36bcd46d0 Exception <a 'java/lang/NoClassDefFoundError'{0x00000000869c26f8}: org/quartz/Scheduler> (0x00000000869c26f8) 
thrown [s\open\src\hotspot\share\oops\constantPool.cpp, line 835]
Event: 11034.718 Thread 0x000000d36bcd46d0 Exception <a 'java/lang/NoClassDefFoundError'{0x00000000869c2d68}: org/springframework/session/jdbc/JdbcIndexedSessionRepository> (0x00000000869c2d68) 
thrown [s\open\src\hotspot\share\oops\constantPool.cpp, line 835]
Event: 11034.867 Thread 0x000000d36bcd46d0 Exception <a 'java/lang/NoClassDefFoundError'{0x0000000086834948}: org/jooq/DSLContext> (0x0000000086834948) 
thrown [s\open\src\hotspot\share\oops\constantPool.cpp, line 835]
Event: 11038.105 Thread 0x000000d36bcd46d0 Exception <a 'sun/nio/fs/WindowsException'{0x00000000861f0b08}> (0x00000000861f0b08) 
thrown [s\open\src\hotspot\share\prims\jni.cpp, line 516]
Event: 11038.106 Thread 0x000000d36bcd46d0 Exception <a 'sun/nio/fs/WindowsException'{0x00000000861f1220}> (0x00000000861f1220) 
thrown [s\open\src\hotspot\share\prims\jni.cpp, line 516]
Event: 11038.197 Thread 0x000000d36bcd46d0 Exception <a 'sun/nio/fs/WindowsException'{0x00000000861f1918}> (0x00000000861f1918) 
thrown [s\open\src\hotspot\share\prims\jni.cpp, line 516]
Event: 11039.125 Thread 0x000000d36bcd46d0 Exception <a 'java/io/FileNotFoundException'{0x0000000086039290}> (0x0000000086039290) 
thrown [s\open\src\hotspot\share\prims\jni.cpp, line 516]
Event: 11039.126 Thread 0x000000d36bcd46d0 Exception <a 'java/io/FileNotFoundException'{0x000000008603a680}> (0x000000008603a680) 
thrown [s\open\src\hotspot\share\prims\jni.cpp, line 516]
Event: 11042.428 Thread 0x000000d36bcd46d0 Exception <a 'java/io/FileNotFoundException'{0x0000000085e44cc0}> (0x0000000085e44cc0) 
thrown [s\open\src\hotspot\share\prims\jni.cpp, line 516]
Event: 11044.369 Thread 0x000000d36bcd46d0 Exception <a 'sun/nio/fs/WindowsException'{0x0000000085a88270}> (0x0000000085a88270) 
thrown [s\open\src\hotspot\share\prims\jni.cpp, line 516]
Event: 11059.917 Thread 0x000000d36bcd46d0 Exception <a 'sun/nio/fs/WindowsException'{0x000000008e909bb0}> (0x000000008e909bb0) 
thrown [s\open\src\hotspot\share\prims\jni.cpp, line 516]

VM Operations (20 events):
Event: 11054.189 Executing VM operation: Cleanup done
Event: 11055.190 Executing VM operation: Cleanup
Event: 11055.201 Executing VM operation: Cleanup done
Event: 11055.206 Executing VM operation: G1CollectForAllocation
Event: 11055.457 Executing VM operation: G1CollectForAllocation done
Event: 11056.457 Executing VM operation: Cleanup
Event: 11056.473 Executing VM operation: Cleanup done
Event: 11057.474 Executing VM operation: Cleanup
Event: 11057.474 Executing VM operation: Cleanup done
Event: 11057.596 Executing VM operation: G1CollectForAllocation
Event: 11057.759 Executing VM operation: G1CollectForAllocation done
Event: 11058.053 Executing VM operation: G1CollectForAllocation
Event: 11058.379 Executing VM operation: G1CollectForAllocation done
Event: 11059.379 Executing VM operation: Cleanup
Event: 11059.616 Executing VM operation: Cleanup done
Event: 11060.617 Executing VM operation: Cleanup
Event: 11060.680 Executing VM operation: Cleanup done
Event: 11060.687 Executing VM operation: G1CollectForAllocation
Event: 11060.727 Executing VM operation: G1CollectForAllocation done
Event: 11061.159 Executing VM operation: G1CollectForAllocation

Events (20 events):
Event: 10961.806 Thread 0x000000d36bcd5070 Thread added: 0x000000d36bcd5070
Event: 10961.808 Thread 0x000000d36bf2c880 Thread exited: 0x000000d36bf2c880
Event: 10962.703 Thread 0x000000d36bcd5070 Thread exited: 0x000000d36bcd5070
Event: 11013.378 loading class java/lang/ref/Finalizer$2
Event: 11013.602 loading class java/lang/ref/Finalizer$2 done
Event: 11013.602 loading class java/lang/ref/Finalizer$1
Event: 11014.840 loading class java/lang/ref/Finalizer$1 done
Event: 11015.068 Thread 0x000000d36bcd63b0 Thread added: 0x000000d36bcd63b0
Event: 11015.069 Thread 0x000000d36bcd63b0 Thread exited: 0x000000d36bcd63b0
Event: 11015.157 Thread 0x000000d36bcd46d0 Thread added: 0x000000d36bcd46d0
Event: 11024.553 Thread 0x000000d36bcd6d50 Thread added: 0x000000d36bcd6d50
Event: 11024.684 Thread 0x000000d36bcd6d50 Thread exited: 0x000000d36bcd6d50
Event: 11042.485 Thread 0x000000d36bcd4ba0 Thread added: 0x000000d36bcd4ba0
Event: 11042.486 Thread 0x000000d36bcd5070 Thread added: 0x000000d36bcd5070
Event: 11042.487 Thread 0x000000d36bcd6d50 Thread added: 0x000000d36bcd6d50
Event: 11046.420 Thread 0x000000d36bcd63b0 Thread added: 0x000000d36bcd63b0
Event: 11046.585 Thread 0x000000d36bcd5a10 Thread added: 0x000000d36bcd5a10
Event: 11054.873 Thread 0x000000d36bcd5a10 Thread exited: 0x000000d36bcd5a10
Event: 11059.052 loading class java/time/DurationEditor
Event: 11059.052 loading class java/time/DurationEditor done


Dynamic libraries:
0x00007ff7cf010000 - 0x00007ff7cf020000 	C:\Program Files\Java\jdk-17\bin\java.exe
0x00007ffc0eaa0000 - 0x00007ffc0ec4d000 	C:\Windows\SYSTEM32\ntdll.dll
0x00007ffc0d820000 - 0x00007ffc0d95e000 	C:\Windows\system32\KERNEL32.DLL
0x00007ffc0bf40000 - 0x00007ffc0c055000 	C:\Windows\system32\KERNELBASE.dll
0x00007ffc03f60000 - 0x00007ffc03f79000 	C:\Program Files\Java\jdk-17\bin\jli.dll
0x00007ffc03f40000 - 0x00007ffc03f5b000 	C:\Program Files\Java\jdk-17\bin\VCRUNTIME140.dll
0x00007ffc09d60000 - 0x00007ffc09d64000 	C:\Program Files\Java\jdk-17\bin\api-ms-win-crt-stdio-l1-1-0.dll
0x00007ffc09b20000 - 0x00007ffc09b24000 	C:\Program Files\Java\jdk-17\bin\api-ms-win-crt-runtime-l1-1-0.dll
0x00007ffc09020000 - 0x00007ffc09023000 	C:\Program Files\Java\jdk-17\bin\api-ms-win-crt-environment-l1-1-0.dll
0x00007ffc08fc0000 - 0x00007ffc08fc5000 	C:\Program Files\Java\jdk-17\bin\api-ms-win-crt-math-l1-1-0.dll
0x00007ffc084a0000 - 0x00007ffc084a3000 	C:\Program Files\Java\jdk-17\bin\api-ms-win-crt-locale-l1-1-0.dll
0x00007ffc04a70000 - 0x00007ffc04a73000 	C:\Program Files\Java\jdk-17\bin\api-ms-win-crt-heap-l1-1-0.dll
0x00007ffc0e8c0000 - 0x00007ffc0e96a000 	C:\Windows\system32\ADVAPI32.dll
0x00007ffc09290000 - 0x00007ffc0950a000 	C:\Windows\WinSxS\amd64_microsoft.windows.common-controls_6595b64144ccf1df_6.0.9600.17810_none_6240b9c7ecbd0bda\COMCTL32.dll
0x00007ffc0e070000 - 0x00007ffc0e1e7000 	C:\Windows\system32\USER32.dll
0x00007ffc05090000 - 0x00007ffc0509a000 	C:\Windows\SYSTEM32\VERSION.dll
0x00007ffc03f30000 - 0x00007ffc03f33000 	C:\Program Files\Java\jdk-17\bin\api-ms-win-crt-filesystem-l1-1-0.dll
0x00007ffc03f20000 - 0x00007ffc03f24000 	C:\Program Files\Java\jdk-17\bin\api-ms-win-crt-string-l1-1-0.dll
0x00007ffc03f10000 - 0x00007ffc03f14000 	C:\Program Files\Java\jdk-17\bin\api-ms-win-crt-convert-l1-1-0.dll
0x00007ffc0e560000 - 0x00007ffc0e60a000 	C:\Windows\system32\msvcrt.dll
0x00007ffc0dca0000 - 0x00007ffc0dcf9000 	C:\Windows\SYSTEM32\sechost.dll
0x00007ffc0e610000 - 0x00007ffc0e751000 	C:\Windows\system32\RPCRT4.dll
0x00007ffc0d9a0000 - 0x00007ffc0daf1000 	C:\Windows\system32\GDI32.dll
0x00007ffbf7ba0000 - 0x00007ffbf7ca0000 	C:\Program Files\Java\jdk-17\bin\ucrtbase.DLL
0x00007ffc0d960000 - 0x00007ffc0d996000 	C:\Windows\system32\IMM32.DLL
0x00007ffc0e760000 - 0x00007ffc0e8b3000 	C:\Windows\system32\MSCTF.dll
0x00007ffc03f00000 - 0x00007ffc03f0c000 	C:\Program Files\Java\jdk-17\bin\vcruntime140_1.dll
0x00007ffbf8bb0000 - 0x00007ffbf8c3e000 	C:\Program Files\Java\jdk-17\bin\msvcp140.dll
0x00007ffc03ef0000 - 0x00007ffc03ef3000 	C:\Program Files\Java\jdk-17\bin\api-ms-win-crt-time-l1-1-0.dll
0x00007ffc03ee0000 - 0x00007ffc03ee3000 	C:\Program Files\Java\jdk-17\bin\api-ms-win-crt-utility-l1-1-0.dll
0x00007ffbeebd0000 - 0x00007ffbef7ae000 	C:\Program Files\Java\jdk-17\bin\server\jvm.dll
0x00007ffc00010000 - 0x00007ffc00019000 	C:\Windows\SYSTEM32\WSOCK32.dll
0x00007ffc05b40000 - 0x00007ffc05b62000 	C:\Windows\SYSTEM32\WINMM.dll
0x00007ffc0d810000 - 0x00007ffc0d817000 	C:\Windows\system32\PSAPI.DLL
0x00007ffc0e970000 - 0x00007ffc0e9ca000 	C:\Windows\system32\WS2_32.dll
0x00007ffc05b10000 - 0x00007ffc05b3a000 	C:\Windows\SYSTEM32\WINMMBASE.dll
0x00007ffc0e550000 - 0x00007ffc0e559000 	C:\Windows\system32\NSI.dll
0x00007ffc0bcb0000 - 0x00007ffc0bcff000 	C:\Windows\SYSTEM32\cfgmgr32.dll
0x00007ffc0aa00000 - 0x00007ffc0aa28000 	C:\Windows\SYSTEM32\DEVOBJ.dll
0x00007ffc03ed0000 - 0x00007ffc03eda000 	C:\Program Files\Java\jdk-17\bin\jimage.dll
0x00007ffc02d80000 - 0x00007ffc02f0a000 	C:\Windows\SYSTEM32\DBGHELP.DLL
0x00007ffc03ec0000 - 0x00007ffc03ece000 	C:\Program Files\Java\jdk-17\bin\instrument.dll
0x00007ffc03e90000 - 0x00007ffc03eb5000 	C:\Program Files\Java\jdk-17\bin\java.dll
0x00007ffbf59c0000 - 0x00007ffbf5a97000 	C:\Program Files\Java\jdk-17\bin\jsvml.dll
0x00007ffc0c130000 - 0x00007ffc0d658000 	C:\Windows\system32\SHELL32.dll
0x00007ffc0dd00000 - 0x00007ffc0df11000 	C:\Windows\SYSTEM32\combase.dll
0x00007ffc0dfa0000 - 0x00007ffc0dff4000 	C:\Windows\system32\SHLWAPI.dll
0x00007ffc0a150000 - 0x00007ffc0a202000 	C:\Windows\SYSTEM32\SHCORE.dll
0x00007ffc0bbe0000 - 0x00007ffc0bbf5000 	C:\Windows\SYSTEM32\profapi.dll
0x00007ffc03de0000 - 0x00007ffc03df8000 	C:\Program Files\Java\jdk-17\bin\zip.dll
0x00007ffc03d80000 - 0x00007ffc03d99000 	C:\Program Files\Java\jdk-17\bin\net.dll
0x00007ffc05250000 - 0x00007ffc05319000 	C:\Windows\SYSTEM32\WINHTTP.dll
0x00007ffc0b3e0000 - 0x00007ffc0b439000 	C:\Windows\system32\mswsock.dll
0x00007ffc03d60000 - 0x00007ffc03d76000 	C:\Program Files\Java\jdk-17\bin\nio.dll
0x00007ffc03ad0000 - 0x00007ffc03aea000 	C:\Program Files\JetBrains\IntelliJ IDEA 2023.2.2\bin\breakgen64.dll
0x00007ffc0b1a0000 - 0x00007ffc0b244000 	C:\Windows\SYSTEM32\DNSAPI.dll
0x0000000064e20000 - 0x0000000064e46000 	C:\Program Files\Bonjour\mdnsNSP.dll
0x00007ffc07720000 - 0x00007ffc0774a000 	C:\Windows\SYSTEM32\Iphlpapi.DLL
0x00007ffc07700000 - 0x00007ffc0770a000 	C:\Windows\SYSTEM32\WINNSI.DLL
0x00007ffbfef70000 - 0x00007ffbfef7a000 	C:\Windows\System32\rasadhlp.dll
0x00007ffc07440000 - 0x00007ffc074ab000 	C:\Windows\System32\fwpuclnt.dll
0x00007ffc03dd0000 - 0x00007ffc03dda000 	C:\Program Files\Java\jdk-17\bin\management.dll
0x00007ffc03d20000 - 0x00007ffc03d2b000 	C:\Program Files\Java\jdk-17\bin\management_ext.dll
0x00007ffc0b440000 - 0x00007ffc0b460000 	C:\Windows\SYSTEM32\CRYPTSP.dll
0x00007ffc0b000000 - 0x00007ffc0b036000 	C:\Windows\system32\rsaenh.dll
0x00007ffc0b6a0000 - 0x00007ffc0b6c6000 	C:\Windows\SYSTEM32\bcrypt.dll
0x00007ffc0b170000 - 0x00007ffc0b191000 	C:\Windows\SYSTEM32\USERENV.dll
0x00007ffc0b9e0000 - 0x00007ffc0ba43000 	C:\Windows\system32\bcryptprimitives.dll
0x00007ffc0ba50000 - 0x00007ffc0ba5b000 	C:\Windows\SYSTEM32\CRYPTBASE.dll
0x00007ffc07230000 - 0x00007ffc07246000 	C:\Windows\SYSTEM32\dhcpcsvc6.DLL
0x00007ffc073d0000 - 0x00007ffc073ea000 	C:\Windows\SYSTEM32\dhcpcsvc.DLL
0x00007ffc02a30000 - 0x00007ffc02a45000 	C:\Windows\system32\napinsp.dll
0x00007ffc02a10000 - 0x00007ffc02a2a000 	C:\Windows\system32\pnrpnsp.dll
0x00007ffc07ff0000 - 0x00007ffc0800b000 	C:\Windows\system32\NLAapi.dll
0x00007ffc02a00000 - 0x00007ffc02a0d000 	C:\Windows\System32\winrnr.dll
0x00007ffc029e0000 - 0x00007ffc029f4000 	C:\Windows\system32\wshbth.dll
0x00007ffc03d10000 - 0x00007ffc03d1e000 	C:\Program Files\Java\jdk-17\bin\sunmscapi.dll
0x00007ffc0bd60000 - 0x00007ffc0bf3f000 	C:\Windows\system32\CRYPT32.dll
0x00007ffc0b630000 - 0x00007ffc0b655000 	C:\Windows\SYSTEM32\ncrypt.dll
0x00007ffc0bc90000 - 0x00007ffc0bca1000 	C:\Windows\system32\MSASN1.dll
0x00007ffc0b660000 - 0x00007ffc0b697000 	C:\Windows\SYSTEM32\NTASN1.dll
0x00007ffc03e80000 - 0x00007ffc03e90000 	C:\Program Files\Java\jdk-17\bin\verify.dll

dbghelp: loaded successfully - version: 4.0.5 - missing functions: none
symbol engine: initialized successfully - sym options: 0x614 - pdb path: .;C:\Program Files\Java\jdk-17\bin;C:\Windows\SYSTEM32;C:\Windows\WinSxS\amd64_microsoft.windows.common-controls_6595b64144ccf1df_6.0.9600.17810_none_6240b9c7ecbd0bda;C:\Program Files\Java\jdk-17\bin\server;C:\Program Files\JetBrains\IntelliJ IDEA 2023.2.2\bin;C:\Program Files\Bonjour

VM Arguments:
jvm_args: -XX:TieredStopAtLevel=1 -Dspring.output.ansi.enabled=always -Dcom.sun.management.jmxremote -Dspring.jmx.enabled=true -Dspring.liveBeansView.mbeanDomain -Dspring.application.admin.enabled=true -Dmanagement.endpoints.jmx.exposure.include=* -javaagent:C:\Program Files\JetBrains\IntelliJ IDEA 2023.2.2\lib\idea_rt.jar=50698:C:\Program Files\JetBrains\IntelliJ IDEA 2023.2.2\bin -Dfile.encoding=UTF-8 
java_command: fit.iuh.edu.week05_lap_phamtronghieu.Week05LapPhamTrongHieuApplication
java_class_path (initial): C:\Users\PhamHieu\Desktop\WWW_Ver3\week05_lap_PhamTrongHieu\build\classes\java\main;C:\Users\PhamHieu\Desktop\WWW_Ver3\week05_lap_PhamTrongHieu\build\resources\main;C:\Users\PhamHieu\.gradle\caches\modules-2\files-2.1\org.projectlombok\lombok\1.18.30\f195ee86e6c896ea47a1d39defbe20eb59cd149d\lombok-1.18.30.jar;C:\Users\PhamHieu\.gradle\caches\modules-2\files-2.1\org.springframework.boot\spring-boot-starter-data-jpa\3.1.4\f01d5f2ecbfef3159879c4a8450b49620ffb96c\spring-boot-starter-data-jpa-3.1.4.jar;C:\Users\PhamHieu\.gradle\caches\modules-2\files-2.1\org.springframework.boot\spring-boot-starter-thymeleaf\3.1.4\15d1da5319a8504fe8913778b2360bdd0f35520c\spring-boot-starter-thymeleaf-3.1.4.jar;C:\Users\PhamHieu\.gradle\caches\modules-2\files-2.1\org.springframework.boot\spring-boot-starter-web\3.1.4\a0da0751207173c93f9e92e74cae430b53544576\spring-boot-starter-web-3.1.4.jar;C:\Users\PhamHieu\.gradle\caches\modules-2\files-2.1\com.neovisionaries\nv-i18n\1.29\41dea2eab9c46258fbaab9a51280f4b2bbd63266\nv-i18n-1.29.jar;C:\Users\PhamHieu\.gradle\caches\modules-2\files-2.1\org.springframework.data\spring-data-rest-webmvc\4.1.4\f4f52725eb4d90de1e2267b38aa4b46991ae3d6d\spring-data-rest-webmvc-4.1.4.jar;C:\Users\PhamHieu\.gradle\caches\modules-2\files-2.1\org.springframework.boot\spring-boot-starter-aop\3.1.4\1842a0506c99583b5ce11525cbd3d52e719a3f8\spring-boot-starter-aop-3.1.4.jar;C:\Users\PhamHieu\.gradle\caches\modules-2\files-2.1\org.springframework.boot\spring-boot-starter-jdbc\3.1.4\d1c52a3392180c7925d32e5594a873db6c72239b\spring-boot-starter-jdbc-3.1.4.jar;C:\Users\PhamHieu\.gradle\caches\modules-2\files-2.1\org.hibernate.orm\hibernate-core\6.2.9.Final\a24ca4a5c003b6d0d9e005c6226f84cf4169bfeb\hibernate-core-6.2.9.Final.jar;C:\Users\PhamHieu\.gradle\caches\modules-2\files-2.1\org.springframework.data\spring-data-jpa\3.1.4\c51bbed97c35a0c6abced4854db85a5a5b216540\spring-data-jpa-3.1.4.jar;C:\Users\PhamHieu\.gradle\caches\modules-2\files-2.1\org.spr
Launcher Type: SUN_STANDARD

[Global flags]
     intx CICompilerCount                          = 3                                         {product} {ergonomic}
     uint ConcGCThreads                            = 1                                         {product} {ergonomic}
     uint G1ConcRefinementThreads                  = 4                                         {product} {ergonomic}
   size_t G1HeapRegionSize                         = 1048576                                   {product} {ergonomic}
    uintx GCDrainStackTargetSize                   = 64                                        {product} {ergonomic}
   size_t InitialHeapSize                          = 132120576                                 {product} {ergonomic}
     bool ManagementServer                         = true                                      {product} {command line}
   size_t MarkStackSize                            = 4194304                                   {product} {ergonomic}
   size_t MaxHeapSize                              = 2095054848                                {product} {ergonomic}
   size_t MaxNewSize                               = 1256194048                                {product} {ergonomic}
   size_t MinHeapDeltaBytes                        = 1048576                                   {product} {ergonomic}
   size_t MinHeapSize                              = 8388608                                   {product} {ergonomic}
    uintx NonProfiledCodeHeapSize                  = 0                                      {pd product} {ergonomic}
     bool ProfileInterpreter                       = false                                  {pd product} {command line}
    uintx ProfiledCodeHeapSize                     = 0                                      {pd product} {ergonomic}
   size_t SoftMaxHeapSize                          = 2095054848                             {manageable} {ergonomic}
     intx TieredStopAtLevel                        = 1                                         {product} {command line}
     bool UseCompressedClassPointers               = true                           {product lp64_product} {ergonomic}
     bool UseCompressedOops                        = true                           {product lp64_product} {ergonomic}
     bool UseG1GC                                  = true                                      {product} {ergonomic}
     bool UseLargePagesIndividualAllocation        = false                                  {pd product} {ergonomic}

Logging:
Log output configuration:
 #0: stdout all=warning uptime,level,tags
 #1: stderr all=off uptime,level,tags

Environment Variables:
JAVA_HOME=C:\Program Files\Java\jdk-17
PATH=C:\Program Files\Common Files\Oracle\Java\javapath;C:\Program Files (x86)\Common Files\Oracle\Java\javapath;C:\Windows\system32;C:\Windows;C:\Windows\System32\Wbem;C:\Windows\System32\WindowsPowerShell\v1.0\;C:\Program Files\Microsoft SQL Server\Client SDK\ODBC\110\Tools\Binn\;C:\Program Files (x86)\Microsoft SQL Server\120\Tools\Binn\;C:\Program Files\Microsoft SQL Server\120\Tools\Binn\;C:\Program Files\Microsoft SQL Server\120\DTS\Binn\;C:\Program Files\Microsoft SQL Server\Client SDK\ODBC\130\Tools\Binn\;C:\Program Files (x86)\Microsoft SQL Server\130\Tools\Binn\;C:\Program Files\Microsoft SQL Server\130\Tools\Binn\;C:\Program Files\Microsoft SQL Server\130\DTS\Binn\;C:\Program Files (x86)\Microsoft SQL Server\120\Tools\Binn\ManagementStudio\;C:\Program Files (x86)\Microsoft SQL Server\120\DTS\Binn\;C:\Program Files\Microsoft SQL Server\110\Tools\Binn\;C:\Program Files (x86)\Microsoft SQL Server\110\Tools\Binn\;C:\Program Files\Microsoft SQL Server\110\DTS\Binn\;C:\Program Files (x86)\Microsoft SQL Server\110\Tools\Binn\ManagementStudio\;C:\Program Files (x86)\Microsoft SQL Server\110\DTS\Binn\;C:\Users\HieuPCW\AppData\Roaming\nvm;C:\Program Files\nodejs;C:\Users\HieuPCW\AppData\Roaming\nvm;C:\Program Files\Git\cmd;C:\Users\HieuPCW\AppData\Local\Android\Sdk\platform-tools;D:\gradle-8.2\bin;D:\gradle-8.2.1;;C:\Users\PhamHieu\AppData\Local\Programs\Microsoft VS Code\bin
USERNAME=PhamHieu
OS=Windows_NT
PROCESSOR_IDENTIFIER=Intel64 Family 6 Model 37 Stepping 5, GenuineIntel



---------------  S Y S T E M  ---------------

OS:
 Windows 8.1 , 64 bit Build 9600 (6.3.9600.17415)
OS uptime: 9 days 15:32 hours

CPU: total 4 (initial active 4) (2 cores per cpu, 2 threads per core) family 6 model 37 stepping 5 microcode 0x3, cx8, cmov, fxsr, ht, mmx, sse, sse2, sse3, ssse3, sse4.1, sse4.2, popcnt, tsc, tscinvbit, aes, clmul, clflush

Memory: 4k page, system-wide physical 7989M (67M free)
TotalPageFile size 12085M (AvailPageFile size 83M)
current process WorkingSet (physical memory assigned to process): 229M, peak: 235M
current process commit charge ("private bytes"): 380M, peak: 625M

vm_info: Java HotSpot(TM) 64-Bit Server VM (17.0.8+9-LTS-211) for windows-amd64 JRE (17.0.8+9-LTS-211), built on Jun 14 2023 10:34:31 by "mach5one" with MS VC++ 17.1 (VS2022)

END.
